{"/Users/mango/work/sdc/rpp36-joanna-questions/db.js": {"path":"/Users/mango/work/sdc/rpp36-joanna-questions/db.js","statementMap":{"0":{"start":{"line":1,"column":17},"end":{"line":1,"column":36}},"1":{"start":{"line":2,"column":0},"end":{"line":2,"column":38}},"2":{"start":{"line":2,"column":20},"end":{"line":2,"column":36}},"3":{"start":{"line":4,"column":2},"end":{"line":4,"column":110}},"4":{"start":{"line":8,"column":21},"end":{"line":12,"column":2}},"5":{"start":{"line":13,"column":22},"end":{"line":23,"column":2}},"6":{"start":{"line":24,"column":24},"end":{"line":36,"column":2}},"7":{"start":{"line":37,"column":15},"end":{"line":37,"column":52}},"8":{"start":{"line":38,"column":16},"end":{"line":38,"column":55}},"9":{"start":{"line":39,"column":18},"end":{"line":39,"column":61}},"10":{"start":{"line":41,"column":19},"end":{"line":41,"column":40}},"11":{"start":{"line":41,"column":23},"end":{"line":41,"column":40}},"12":{"start":{"line":43,"column":0},"end":{"line":48,"column":1}}},"fnMap":{"0":{"name":"(anonymous_0)","decl":{"start":{"line":2,"column":13},"end":{"line":2,"column":14}},"loc":{"start":{"line":2,"column":20},"end":{"line":2,"column":36}},"line":2},"1":{"name":"main","decl":{"start":{"line":3,"column":15},"end":{"line":3,"column":19}},"loc":{"start":{"line":3,"column":22},"end":{"line":5,"column":1}},"line":3},"2":{"name":"(anonymous_2)","decl":{"start":{"line":41,"column":19},"end":{"line":41,"column":20}},"loc":{"start":{"line":41,"column":23},"end":{"line":41,"column":40}},"line":41}},"branchMap":{},"s":{"0":1,"1":1,"2":0,"3":1,"4":1,"5":1,"6":1,"7":1,"8":1,"9":1,"10":1,"11":0,"12":1},"f":{"0":0,"1":1,"2":0},"b":{},"_coverageSchema":"1a1c01bbd47fc00a2c39e90264f33305004495a9","hash":"058430847071fceb5b2c96dc1bfca07a249395fe"}
,"/Users/mango/work/sdc/rpp36-joanna-questions/router.js": {"path":"/Users/mango/work/sdc/rpp36-joanna-questions/router.js","statementMap":{"0":{"start":{"line":1,"column":16},"end":{"line":1,"column":34}},"1":{"start":{"line":2,"column":15},"end":{"line":2,"column":31}},"2":{"start":{"line":3,"column":35},"end":{"line":3,"column":53}},"3":{"start":{"line":5,"column":0},"end":{"line":83,"column":2}},"4":{"start":{"line":6,"column":18},"end":{"line":6,"column":38}},"5":{"start":{"line":7,"column":12},"end":{"line":7,"column":42}},"6":{"start":{"line":8,"column":14},"end":{"line":8,"column":44}},"7":{"start":{"line":9,"column":2},"end":{"line":9,"column":38}},"8":{"start":{"line":10,"column":2},"end":{"line":79,"column":63}},"9":{"start":{"line":58,"column":14},"end":{"line":58,"column":16}},"10":{"start":{"line":59,"column":13},"end":{"line":59,"column":15}},"11":{"start":{"line":60,"column":4},"end":{"line":60,"column":44}},"12":{"start":{"line":61,"column":4},"end":{"line":61,"column":21}},"13":{"start":{"line":62,"column":4},"end":{"line":76,"column":6}},"14":{"start":{"line":63,"column":20},"end":{"line":63,"column":22}},"15":{"start":{"line":64,"column":6},"end":{"line":73,"column":11}},"16":{"start":{"line":65,"column":10},"end":{"line":71,"column":7}},"17":{"start":{"line":66,"column":14},"end":{"line":66,"column":36}},"18":{"start":{"line":67,"column":14},"end":{"line":69,"column":10}},"19":{"start":{"line":68,"column":10},"end":{"line":68,"column":33}},"20":{"start":{"line":70,"column":8},"end":{"line":70,"column":44}},"21":{"start":{"line":75,"column":6},"end":{"line":75,"column":22}},"22":{"start":{"line":78,"column":4},"end":{"line":78,"column":58}},"23":{"start":{"line":79,"column":14},"end":{"line":79,"column":62}},"24":{"start":{"line":84,"column":0},"end":{"line":135,"column":2}},"25":{"start":{"line":85,"column":20},"end":{"line":85,"column":34}},"26":{"start":{"line":86,"column":13},"end":{"line":86,"column":41}},"27":{"start":{"line":87,"column":14},"end":{"line":87,"column":43}},"28":{"start":{"line":88,"column":2},"end":{"line":88,"column":44}},"29":{"start":{"line":90,"column":2},"end":{"line":129,"column":63}},"30":{"start":{"line":115,"column":16},"end":{"line":115,"column":18}},"31":{"start":{"line":116,"column":6},"end":{"line":116,"column":44}},"32":{"start":{"line":117,"column":14},"end":{"line":117,"column":16}},"33":{"start":{"line":118,"column":4},"end":{"line":125,"column":5}},"34":{"start":{"line":119,"column":8},"end":{"line":123,"column":7}},"35":{"start":{"line":120,"column":8},"end":{"line":120,"column":54}},"36":{"start":{"line":122,"column":8},"end":{"line":122,"column":24}},"37":{"start":{"line":126,"column":6},"end":{"line":126,"column":23}},"38":{"start":{"line":127,"column":6},"end":{"line":127,"column":48}},"39":{"start":{"line":128,"column":6},"end":{"line":128,"column":20}},"40":{"start":{"line":129,"column":16},"end":{"line":129,"column":62}},"41":{"start":{"line":158,"column":0},"end":{"line":162,"column":2}},"42":{"start":{"line":159,"column":2},"end":{"line":159,"column":40}},"43":{"start":{"line":160,"column":2},"end":{"line":160,"column":24}},"44":{"start":{"line":163,"column":0},"end":{"line":163,"column":23}}},"fnMap":{"0":{"name":"(anonymous_0)","decl":{"start":{"line":5,"column":27},"end":{"line":5,"column":28}},"loc":{"start":{"line":5,"column":38},"end":{"line":83,"column":1}},"line":5},"1":{"name":"(anonymous_1)","decl":{"start":{"line":57,"column":8},"end":{"line":57,"column":9}},"loc":{"start":{"line":57,"column":17},"end":{"line":78,"column":59}},"line":57},"2":{"name":"(anonymous_2)","decl":{"start":{"line":62,"column":20},"end":{"line":62,"column":21}},"loc":{"start":{"line":62,"column":28},"end":{"line":76,"column":5}},"line":62},"3":{"name":"(anonymous_3)","decl":{"start":{"line":67,"column":49},"end":{"line":67,"column":50}},"loc":{"start":{"line":67,"column":57},"end":{"line":69,"column":9}},"line":67},"4":{"name":"(anonymous_4)","decl":{"start":{"line":79,"column":9},"end":{"line":79,"column":10}},"loc":{"start":{"line":79,"column":14},"end":{"line":79,"column":62}},"line":79},"5":{"name":"(anonymous_5)","decl":{"start":{"line":84,"column":41},"end":{"line":84,"column":42}},"loc":{"start":{"line":84,"column":55},"end":{"line":135,"column":1}},"line":84},"6":{"name":"(anonymous_6)","decl":{"start":{"line":113,"column":10},"end":{"line":113,"column":11}},"loc":{"start":{"line":113,"column":21},"end":{"line":128,"column":21}},"line":113},"7":{"name":"(anonymous_7)","decl":{"start":{"line":119,"column":25},"end":{"line":119,"column":26}},"loc":{"start":{"line":119,"column":33},"end":{"line":123,"column":5}},"line":119},"8":{"name":"(anonymous_8)","decl":{"start":{"line":129,"column":11},"end":{"line":129,"column":12}},"loc":{"start":{"line":129,"column":16},"end":{"line":129,"column":62}},"line":129},"9":{"name":"(anonymous_9)","decl":{"start":{"line":158,"column":28},"end":{"line":158,"column":29}},"loc":{"start":{"line":158,"column":39},"end":{"line":162,"column":1}},"line":158}},"branchMap":{"0":{"loc":{"start":{"line":7,"column":12},"end":{"line":7,"column":42}},"type":"binary-expr","locations":[{"start":{"line":7,"column":12},"end":{"line":7,"column":37}},{"start":{"line":7,"column":41},"end":{"line":7,"column":42}}],"line":7},"1":{"loc":{"start":{"line":8,"column":14},"end":{"line":8,"column":44}},"type":"binary-expr","locations":[{"start":{"line":8,"column":14},"end":{"line":8,"column":40}},{"start":{"line":8,"column":43},"end":{"line":8,"column":44}}],"line":8},"2":{"loc":{"start":{"line":65,"column":10},"end":{"line":71,"column":7}},"type":"if","locations":[{"start":{"line":65,"column":10},"end":{"line":71,"column":7}},{"start":{},"end":{}}],"line":65},"3":{"loc":{"start":{"line":86,"column":13},"end":{"line":86,"column":41}},"type":"binary-expr","locations":[{"start":{"line":86,"column":13},"end":{"line":86,"column":38}},{"start":{"line":86,"column":40},"end":{"line":86,"column":41}}],"line":86},"4":{"loc":{"start":{"line":87,"column":14},"end":{"line":87,"column":43}},"type":"binary-expr","locations":[{"start":{"line":87,"column":14},"end":{"line":87,"column":39}},{"start":{"line":87,"column":42},"end":{"line":87,"column":43}}],"line":87},"5":{"loc":{"start":{"line":118,"column":4},"end":{"line":125,"column":5}},"type":"if","locations":[{"start":{"line":118,"column":4},"end":{"line":125,"column":5}},{"start":{},"end":{}}],"line":118}},"s":{"0":1,"1":1,"2":1,"3":1,"4":1,"5":1,"6":1,"7":1,"8":1,"9":1,"10":1,"11":1,"12":1,"13":1,"14":5,"15":5,"16":17,"17":3,"18":3,"19":6,"20":3,"21":5,"22":1,"23":0,"24":1,"25":1,"26":1,"27":1,"28":1,"29":1,"30":1,"31":1,"32":1,"33":1,"34":1,"35":5,"36":5,"37":1,"38":1,"39":1,"40":0,"41":1,"42":0,"43":0,"44":1},"f":{"0":1,"1":1,"2":5,"3":6,"4":0,"5":1,"6":1,"7":5,"8":0,"9":0},"b":{"0":[1,1],"1":[1,1],"2":[3,14],"3":[1,1],"4":[1,1],"5":[1,0]},"_coverageSchema":"1a1c01bbd47fc00a2c39e90264f33305004495a9","hash":"a4408027b339784eb9d140694b1e1765c1e3ba4f"}
,"/Users/mango/work/sdc/rpp36-joanna-questions/server.js": {"path":"/Users/mango/work/sdc/rpp36-joanna-questions/server.js","statementMap":{"0":{"start":{"line":1,"column":16},"end":{"line":1,"column":34}},"1":{"start":{"line":2,"column":15},"end":{"line":2,"column":32}},"2":{"start":{"line":4,"column":11},"end":{"line":4,"column":20}},"3":{"start":{"line":5,"column":0},"end":{"line":5,"column":24}},"4":{"start":{"line":6,"column":0},"end":{"line":6,"column":48}},"5":{"start":{"line":7,"column":14},"end":{"line":7,"column":33}},"6":{"start":{"line":8,"column":0},"end":{"line":8,"column":23}},"7":{"start":{"line":10,"column":0},"end":{"line":12,"column":2}},"8":{"start":{"line":11,"column":2},"end":{"line":11,"column":25}},"9":{"start":{"line":15,"column":0},"end":{"line":15,"column":21}}},"fnMap":{"0":{"name":"(anonymous_0)","decl":{"start":{"line":10,"column":13},"end":{"line":10,"column":14}},"loc":{"start":{"line":10,"column":33},"end":{"line":12,"column":1}},"line":10}},"branchMap":{},"s":{"0":1,"1":1,"2":1,"3":1,"4":1,"5":1,"6":1,"7":1,"8":1,"9":1},"f":{"0":1},"b":{},"_coverageSchema":"1a1c01bbd47fc00a2c39e90264f33305004495a9","hash":"3dcc495bfa2a0c6baa86e84e4ccebf3373880c47"}
}
