{"/Users/mango/work/sdc/rpp36-joanna-questions/db.js": {"path":"/Users/mango/work/sdc/rpp36-joanna-questions/db.js","statementMap":{"0":{"start":{"line":1,"column":17},"end":{"line":1,"column":36}},"1":{"start":{"line":2,"column":0},"end":{"line":2,"column":38}},"2":{"start":{"line":2,"column":20},"end":{"line":2,"column":36}},"3":{"start":{"line":4,"column":2},"end":{"line":4,"column":110}},"4":{"start":{"line":8,"column":21},"end":{"line":12,"column":2}},"5":{"start":{"line":13,"column":22},"end":{"line":23,"column":2}},"6":{"start":{"line":24,"column":24},"end":{"line":33,"column":2}},"7":{"start":{"line":34,"column":15},"end":{"line":34,"column":52}},"8":{"start":{"line":35,"column":16},"end":{"line":35,"column":55}},"9":{"start":{"line":36,"column":18},"end":{"line":36,"column":61}},"10":{"start":{"line":38,"column":19},"end":{"line":38,"column":40}},"11":{"start":{"line":38,"column":23},"end":{"line":38,"column":40}},"12":{"start":{"line":40,"column":0},"end":{"line":45,"column":1}}},"fnMap":{"0":{"name":"(anonymous_0)","decl":{"start":{"line":2,"column":13},"end":{"line":2,"column":14}},"loc":{"start":{"line":2,"column":20},"end":{"line":2,"column":36}},"line":2},"1":{"name":"main","decl":{"start":{"line":3,"column":15},"end":{"line":3,"column":19}},"loc":{"start":{"line":3,"column":22},"end":{"line":5,"column":1}},"line":3},"2":{"name":"(anonymous_2)","decl":{"start":{"line":38,"column":19},"end":{"line":38,"column":20}},"loc":{"start":{"line":38,"column":23},"end":{"line":38,"column":40}},"line":38}},"branchMap":{},"s":{"0":1,"1":1,"2":0,"3":1,"4":1,"5":1,"6":1,"7":1,"8":1,"9":1,"10":1,"11":0,"12":1},"f":{"0":0,"1":1,"2":0},"b":{},"_coverageSchema":"1a1c01bbd47fc00a2c39e90264f33305004495a9","hash":"31b36bf9e8f5d574ce567728d23a279f7560b7b3"}
,"/Users/mango/work/sdc/rpp36-joanna-questions/router.js": {"path":"/Users/mango/work/sdc/rpp36-joanna-questions/router.js","statementMap":{"0":{"start":{"line":1,"column":16},"end":{"line":1,"column":34}},"1":{"start":{"line":2,"column":15},"end":{"line":2,"column":31}},"2":{"start":{"line":3,"column":35},"end":{"line":3,"column":53}},"3":{"start":{"line":5,"column":0},"end":{"line":87,"column":2}},"4":{"start":{"line":6,"column":18},"end":{"line":6,"column":38}},"5":{"start":{"line":7,"column":12},"end":{"line":7,"column":41}},"6":{"start":{"line":8,"column":14},"end":{"line":8,"column":43}},"7":{"start":{"line":9,"column":2},"end":{"line":9,"column":28}},"8":{"start":{"line":10,"column":2},"end":{"line":83,"column":63}},"9":{"start":{"line":58,"column":14},"end":{"line":58,"column":16}},"10":{"start":{"line":59,"column":13},"end":{"line":59,"column":15}},"11":{"start":{"line":60,"column":4},"end":{"line":60,"column":44}},"12":{"start":{"line":61,"column":4},"end":{"line":61,"column":21}},"13":{"start":{"line":62,"column":4},"end":{"line":80,"column":6}},"14":{"start":{"line":63,"column":20},"end":{"line":63,"column":22}},"15":{"start":{"line":64,"column":6},"end":{"line":64,"column":69}},"16":{"start":{"line":65,"column":6},"end":{"line":77,"column":11}},"17":{"start":{"line":66,"column":12},"end":{"line":66,"column":83}},"18":{"start":{"line":68,"column":10},"end":{"line":75,"column":7}},"19":{"start":{"line":70,"column":14},"end":{"line":73,"column":10}},"20":{"start":{"line":72,"column":10},"end":{"line":72,"column":33}},"21":{"start":{"line":74,"column":8},"end":{"line":74,"column":44}},"22":{"start":{"line":79,"column":6},"end":{"line":79,"column":22}},"23":{"start":{"line":82,"column":4},"end":{"line":82,"column":58}},"24":{"start":{"line":83,"column":14},"end":{"line":83,"column":62}},"25":{"start":{"line":88,"column":0},"end":{"line":137,"column":2}},"26":{"start":{"line":89,"column":20},"end":{"line":89,"column":34}},"27":{"start":{"line":90,"column":13},"end":{"line":90,"column":41}},"28":{"start":{"line":91,"column":14},"end":{"line":91,"column":43}},"29":{"start":{"line":94,"column":2},"end":{"line":133,"column":63}},"30":{"start":{"line":119,"column":16},"end":{"line":119,"column":18}},"31":{"start":{"line":120,"column":6},"end":{"line":120,"column":44}},"32":{"start":{"line":121,"column":14},"end":{"line":121,"column":16}},"33":{"start":{"line":122,"column":4},"end":{"line":129,"column":5}},"34":{"start":{"line":123,"column":8},"end":{"line":127,"column":7}},"35":{"start":{"line":124,"column":8},"end":{"line":124,"column":54}},"36":{"start":{"line":126,"column":8},"end":{"line":126,"column":24}},"37":{"start":{"line":130,"column":6},"end":{"line":130,"column":23}},"38":{"start":{"line":131,"column":6},"end":{"line":131,"column":48}},"39":{"start":{"line":132,"column":6},"end":{"line":132,"column":20}},"40":{"start":{"line":133,"column":16},"end":{"line":133,"column":62}},"41":{"start":{"line":142,"column":0},"end":{"line":169,"column":2}},"42":{"start":{"line":143,"column":20},"end":{"line":143,"column":52}},"43":{"start":{"line":144,"column":2},"end":{"line":144,"column":53}},"44":{"start":{"line":145,"column":2},"end":{"line":167,"column":87}},"45":{"start":{"line":166,"column":19},"end":{"line":166,"column":42}},"46":{"start":{"line":166,"column":42},"end":{"line":166,"column":83}},"47":{"start":{"line":167,"column":17},"end":{"line":167,"column":69}},"48":{"start":{"line":167,"column":69},"end":{"line":167,"column":85}},"49":{"start":{"line":170,"column":0},"end":{"line":197,"column":2}},"50":{"start":{"line":171,"column":18},"end":{"line":171,"column":48}},"51":{"start":{"line":172,"column":2},"end":{"line":172,"column":51}},"52":{"start":{"line":173,"column":2},"end":{"line":195,"column":85}},"53":{"start":{"line":194,"column":19},"end":{"line":194,"column":42}},"54":{"start":{"line":194,"column":42},"end":{"line":194,"column":81}},"55":{"start":{"line":195,"column":17},"end":{"line":195,"column":67}},"56":{"start":{"line":195,"column":67},"end":{"line":195,"column":83}},"57":{"start":{"line":199,"column":0},"end":{"line":220,"column":2}},"58":{"start":{"line":200,"column":18},"end":{"line":200,"column":48}},"59":{"start":{"line":201,"column":2},"end":{"line":201,"column":44}},"60":{"start":{"line":202,"column":2},"end":{"line":208,"column":3}},"61":{"start":{"line":203,"column":4},"end":{"line":203,"column":66}},"62":{"start":{"line":204,"column":4},"end":{"line":204,"column":27}},"63":{"start":{"line":204,"column":27},"end":{"line":204,"column":64}},"64":{"start":{"line":207,"column":4},"end":{"line":207,"column":60}},"65":{"start":{"line":207,"column":60},"end":{"line":207,"column":76}},"66":{"start":{"line":221,"column":0},"end":{"line":230,"column":2}},"67":{"start":{"line":222,"column":20},"end":{"line":222,"column":52}},"68":{"start":{"line":223,"column":2},"end":{"line":223,"column":46}},"69":{"start":{"line":224,"column":2},"end":{"line":228,"column":4}},"70":{"start":{"line":225,"column":13},"end":{"line":225,"column":36}},"71":{"start":{"line":225,"column":36},"end":{"line":225,"column":76}},"72":{"start":{"line":227,"column":4},"end":{"line":227,"column":61}},"73":{"start":{"line":227,"column":61},"end":{"line":227,"column":77}},"74":{"start":{"line":231,"column":0},"end":{"line":252,"column":2}},"75":{"start":{"line":232,"column":12},"end":{"line":232,"column":25}},"76":{"start":{"line":233,"column":19},"end":{"line":233,"column":32}},"77":{"start":{"line":234,"column":19},"end":{"line":234,"column":33}},"78":{"start":{"line":235,"column":19},"end":{"line":235,"column":48}},"79":{"start":{"line":237,"column":2},"end":{"line":250,"column":4}},"80":{"start":{"line":239,"column":4},"end":{"line":239,"column":42}},"81":{"start":{"line":240,"column":4},"end":{"line":240,"column":24}},"82":{"start":{"line":241,"column":4},"end":{"line":248,"column":8}},"83":{"start":{"line":244,"column":8},"end":{"line":244,"column":30}},"84":{"start":{"line":247,"column":8},"end":{"line":247,"column":52}},"85":{"start":{"line":247,"column":52},"end":{"line":247,"column":68}},"86":{"start":{"line":254,"column":0},"end":{"line":323,"column":2}},"87":{"start":{"line":255,"column":12},"end":{"line":255,"column":25}},"88":{"start":{"line":256,"column":22},"end":{"line":256,"column":35}},"89":{"start":{"line":257,"column":22},"end":{"line":257,"column":36}},"90":{"start":{"line":258,"column":13},"end":{"line":258,"column":28}},"91":{"start":{"line":259,"column":20},"end":{"line":259,"column":52}},"92":{"start":{"line":262,"column":2},"end":{"line":322,"column":3}},"93":{"start":{"line":263,"column":23},"end":{"line":263,"column":75}},"94":{"start":{"line":264,"column":4},"end":{"line":264,"column":43}},"95":{"start":{"line":266,"column":20},"end":{"line":266,"column":40}},"96":{"start":{"line":267,"column":4},"end":{"line":267,"column":38}},"97":{"start":{"line":269,"column":4},"end":{"line":317,"column":3}},"98":{"start":{"line":270,"column":6},"end":{"line":280,"column":10}},"99":{"start":{"line":272,"column":10},"end":{"line":278,"column":11}},"100":{"start":{"line":273,"column":12},"end":{"line":273,"column":56}},"101":{"start":{"line":273,"column":56},"end":{"line":273,"column":72}},"102":{"start":{"line":276,"column":12},"end":{"line":276,"column":62}},"103":{"start":{"line":277,"column":12},"end":{"line":277,"column":34}},"104":{"start":{"line":282,"column":25},"end":{"line":282,"column":76}},"105":{"start":{"line":283,"column":20},"end":{"line":283,"column":40}},"106":{"start":{"line":284,"column":6},"end":{"line":284,"column":37}},"107":{"start":{"line":285,"column":6},"end":{"line":293,"column":6}},"108":{"start":{"line":286,"column":8},"end":{"line":286,"column":27}},"109":{"start":{"line":287,"column":8},"end":{"line":287,"column":38}},"110":{"start":{"line":288,"column":8},"end":{"line":292,"column":8}},"111":{"start":{"line":294,"column":22},"end":{"line":294,"column":53}},"112":{"start":{"line":295,"column":6},"end":{"line":295,"column":28}},"113":{"start":{"line":296,"column":6},"end":{"line":301,"column":6}},"114":{"start":{"line":297,"column":8},"end":{"line":300,"column":8}},"115":{"start":{"line":302,"column":6},"end":{"line":312,"column":10}},"116":{"start":{"line":304,"column":10},"end":{"line":310,"column":11}},"117":{"start":{"line":305,"column":10},"end":{"line":305,"column":54}},"118":{"start":{"line":305,"column":54},"end":{"line":305,"column":70}},"119":{"start":{"line":308,"column":10},"end":{"line":308,"column":57}},"120":{"start":{"line":309,"column":10},"end":{"line":309,"column":32}},"121":{"start":{"line":318,"column":4},"end":{"line":318,"column":26}},"122":{"start":{"line":319,"column":4},"end":{"line":319,"column":20}},"123":{"start":{"line":325,"column":0},"end":{"line":325,"column":23}}},"fnMap":{"0":{"name":"(anonymous_0)","decl":{"start":{"line":5,"column":27},"end":{"line":5,"column":28}},"loc":{"start":{"line":5,"column":38},"end":{"line":87,"column":1}},"line":5},"1":{"name":"(anonymous_1)","decl":{"start":{"line":57,"column":8},"end":{"line":57,"column":9}},"loc":{"start":{"line":57,"column":17},"end":{"line":82,"column":59}},"line":57},"2":{"name":"(anonymous_2)","decl":{"start":{"line":62,"column":20},"end":{"line":62,"column":21}},"loc":{"start":{"line":62,"column":28},"end":{"line":80,"column":5}},"line":62},"3":{"name":"(anonymous_3)","decl":{"start":{"line":70,"column":49},"end":{"line":70,"column":50}},"loc":{"start":{"line":70,"column":57},"end":{"line":73,"column":9}},"line":70},"4":{"name":"(anonymous_4)","decl":{"start":{"line":83,"column":9},"end":{"line":83,"column":10}},"loc":{"start":{"line":83,"column":14},"end":{"line":83,"column":62}},"line":83},"5":{"name":"(anonymous_5)","decl":{"start":{"line":88,"column":41},"end":{"line":88,"column":42}},"loc":{"start":{"line":88,"column":55},"end":{"line":137,"column":1}},"line":88},"6":{"name":"(anonymous_6)","decl":{"start":{"line":117,"column":10},"end":{"line":117,"column":11}},"loc":{"start":{"line":117,"column":21},"end":{"line":132,"column":21}},"line":117},"7":{"name":"(anonymous_7)","decl":{"start":{"line":123,"column":25},"end":{"line":123,"column":26}},"loc":{"start":{"line":123,"column":33},"end":{"line":127,"column":5}},"line":123},"8":{"name":"(anonymous_8)","decl":{"start":{"line":133,"column":11},"end":{"line":133,"column":12}},"loc":{"start":{"line":133,"column":16},"end":{"line":133,"column":62}},"line":133},"9":{"name":"(anonymous_9)","decl":{"start":{"line":142,"column":47},"end":{"line":142,"column":48}},"loc":{"start":{"line":142,"column":58},"end":{"line":169,"column":1}},"line":142},"10":{"name":"(anonymous_10)","decl":{"start":{"line":166,"column":8},"end":{"line":166,"column":9}},"loc":{"start":{"line":166,"column":18},"end":{"line":166,"column":84}},"line":166},"11":{"name":"(anonymous_11)","decl":{"start":{"line":167,"column":9},"end":{"line":167,"column":10}},"loc":{"start":{"line":167,"column":16},"end":{"line":167,"column":86}},"line":167},"12":{"name":"(anonymous_12)","decl":{"start":{"line":170,"column":43},"end":{"line":170,"column":44}},"loc":{"start":{"line":170,"column":54},"end":{"line":197,"column":1}},"line":170},"13":{"name":"(anonymous_13)","decl":{"start":{"line":194,"column":8},"end":{"line":194,"column":9}},"loc":{"start":{"line":194,"column":18},"end":{"line":194,"column":82}},"line":194},"14":{"name":"(anonymous_14)","decl":{"start":{"line":195,"column":9},"end":{"line":195,"column":10}},"loc":{"start":{"line":195,"column":16},"end":{"line":195,"column":84}},"line":195},"15":{"name":"(anonymous_15)","decl":{"start":{"line":199,"column":44},"end":{"line":199,"column":45}},"loc":{"start":{"line":199,"column":60},"end":{"line":220,"column":1}},"line":199},"16":{"name":"(anonymous_16)","decl":{"start":{"line":221,"column":48},"end":{"line":221,"column":49}},"loc":{"start":{"line":221,"column":59},"end":{"line":230,"column":1}},"line":221},"17":{"name":"(anonymous_17)","decl":{"start":{"line":225,"column":8},"end":{"line":225,"column":9}},"loc":{"start":{"line":225,"column":12},"end":{"line":225,"column":77}},"line":225},"18":{"name":"(anonymous_18)","decl":{"start":{"line":226,"column":9},"end":{"line":226,"column":10}},"loc":{"start":{"line":226,"column":16},"end":{"line":228,"column":3}},"line":226},"19":{"name":"(anonymous_19)","decl":{"start":{"line":231,"column":28},"end":{"line":231,"column":29}},"loc":{"start":{"line":231,"column":39},"end":{"line":252,"column":1}},"line":231},"20":{"name":"(anonymous_20)","decl":{"start":{"line":238,"column":8},"end":{"line":238,"column":9}},"loc":{"start":{"line":238,"column":18},"end":{"line":250,"column":3}},"line":238},"21":{"name":"(anonymous_21)","decl":{"start":{"line":243,"column":12},"end":{"line":243,"column":13}},"loc":{"start":{"line":243,"column":16},"end":{"line":245,"column":7}},"line":243},"22":{"name":"(anonymous_22)","decl":{"start":{"line":246,"column":13},"end":{"line":246,"column":14}},"loc":{"start":{"line":246,"column":20},"end":{"line":248,"column":7}},"line":246},"23":{"name":"(anonymous_23)","decl":{"start":{"line":254,"column":49},"end":{"line":254,"column":50}},"loc":{"start":{"line":254,"column":65},"end":{"line":323,"column":1}},"line":254},"24":{"name":"(anonymous_24)","decl":{"start":{"line":271,"column":122},"end":{"line":271,"column":123}},"loc":{"start":{"line":271,"column":145},"end":{"line":280,"column":9}},"line":271},"25":{"name":"(anonymous_25)","decl":{"start":{"line":285,"column":26},"end":{"line":285,"column":27}},"loc":{"start":{"line":285,"column":37},"end":{"line":293,"column":5}},"line":285},"26":{"name":"(anonymous_26)","decl":{"start":{"line":296,"column":32},"end":{"line":296,"column":33}},"loc":{"start":{"line":296,"column":43},"end":{"line":301,"column":5}},"line":296},"27":{"name":"(anonymous_27)","decl":{"start":{"line":303,"column":125},"end":{"line":303,"column":126}},"loc":{"start":{"line":303,"column":148},"end":{"line":312,"column":9}},"line":303}},"branchMap":{"0":{"loc":{"start":{"line":7,"column":12},"end":{"line":7,"column":41}},"type":"binary-expr","locations":[{"start":{"line":7,"column":12},"end":{"line":7,"column":36}},{"start":{"line":7,"column":40},"end":{"line":7,"column":41}}],"line":7},"1":{"loc":{"start":{"line":8,"column":14},"end":{"line":8,"column":43}},"type":"binary-expr","locations":[{"start":{"line":8,"column":14},"end":{"line":8,"column":39}},{"start":{"line":8,"column":42},"end":{"line":8,"column":43}}],"line":8},"2":{"loc":{"start":{"line":68,"column":10},"end":{"line":75,"column":7}},"type":"if","locations":[{"start":{"line":68,"column":10},"end":{"line":75,"column":7}},{"start":{},"end":{}}],"line":68},"3":{"loc":{"start":{"line":90,"column":13},"end":{"line":90,"column":41}},"type":"binary-expr","locations":[{"start":{"line":90,"column":13},"end":{"line":90,"column":38}},{"start":{"line":90,"column":40},"end":{"line":90,"column":41}}],"line":90},"4":{"loc":{"start":{"line":91,"column":14},"end":{"line":91,"column":43}},"type":"binary-expr","locations":[{"start":{"line":91,"column":14},"end":{"line":91,"column":39}},{"start":{"line":91,"column":42},"end":{"line":91,"column":43}}],"line":91},"5":{"loc":{"start":{"line":122,"column":4},"end":{"line":129,"column":5}},"type":"if","locations":[{"start":{"line":122,"column":4},"end":{"line":129,"column":5}},{"start":{},"end":{}}],"line":122},"6":{"loc":{"start":{"line":269,"column":4},"end":{"line":317,"column":3}},"type":"if","locations":[{"start":{"line":269,"column":4},"end":{"line":317,"column":3}},{"start":{"line":281,"column":9},"end":{"line":317,"column":3}}],"line":269},"7":{"loc":{"start":{"line":272,"column":10},"end":{"line":278,"column":11}},"type":"if","locations":[{"start":{"line":272,"column":10},"end":{"line":278,"column":11}},{"start":{"line":275,"column":15},"end":{"line":278,"column":11}}],"line":272},"8":{"loc":{"start":{"line":304,"column":10},"end":{"line":310,"column":11}},"type":"if","locations":[{"start":{"line":304,"column":10},"end":{"line":310,"column":11}},{"start":{"line":307,"column":15},"end":{"line":310,"column":11}}],"line":304}},"s":{"0":1,"1":1,"2":1,"3":1,"4":1,"5":1,"6":1,"7":1,"8":1,"9":1,"10":1,"11":1,"12":1,"13":1,"14":2,"15":2,"16":2,"17":9,"18":9,"19":2,"20":4,"21":2,"22":2,"23":1,"24":0,"25":1,"26":1,"27":1,"28":1,"29":1,"30":1,"31":1,"32":1,"33":1,"34":1,"35":5,"36":5,"37":1,"38":1,"39":1,"40":0,"41":1,"42":1,"43":1,"44":1,"45":1,"46":1,"47":0,"48":0,"49":1,"50":0,"51":0,"52":0,"53":0,"54":0,"55":0,"56":0,"57":1,"58":2,"59":2,"60":2,"61":2,"62":2,"63":2,"64":0,"65":0,"66":1,"67":1,"68":1,"69":1,"70":1,"71":1,"72":0,"73":0,"74":1,"75":1,"76":1,"77":1,"78":1,"79":1,"80":1,"81":1,"82":1,"83":1,"84":0,"85":0,"86":1,"87":2,"88":2,"89":2,"90":2,"91":2,"92":2,"93":2,"94":2,"95":2,"96":2,"97":2,"98":1,"99":1,"100":0,"101":0,"102":1,"103":1,"104":1,"105":1,"106":1,"107":1,"108":2,"109":2,"110":2,"111":1,"112":1,"113":1,"114":2,"115":1,"116":1,"117":0,"118":0,"119":1,"120":1,"121":0,"122":0,"123":1},"f":{"0":1,"1":1,"2":2,"3":4,"4":0,"5":1,"6":1,"7":5,"8":0,"9":1,"10":1,"11":0,"12":0,"13":0,"14":0,"15":2,"16":1,"17":1,"18":0,"19":1,"20":1,"21":1,"22":0,"23":2,"24":1,"25":2,"26":2,"27":1},"b":{"0":[1,0],"1":[1,0],"2":[2,7],"3":[1,1],"4":[1,1],"5":[1,0],"6":[1,1],"7":[0,1],"8":[0,1]},"_coverageSchema":"1a1c01bbd47fc00a2c39e90264f33305004495a9","hash":"2c36ae4a6aa8f725d4f303715ec2c3f4bded0ed3"}
,"/Users/mango/work/sdc/rpp36-joanna-questions/server.js": {"path":"/Users/mango/work/sdc/rpp36-joanna-questions/server.js","statementMap":{"0":{"start":{"line":1,"column":16},"end":{"line":1,"column":34}},"1":{"start":{"line":2,"column":15},"end":{"line":2,"column":32}},"2":{"start":{"line":4,"column":11},"end":{"line":4,"column":20}},"3":{"start":{"line":5,"column":0},"end":{"line":5,"column":24}},"4":{"start":{"line":6,"column":0},"end":{"line":6,"column":48}},"5":{"start":{"line":7,"column":14},"end":{"line":7,"column":33}},"6":{"start":{"line":8,"column":0},"end":{"line":8,"column":23}},"7":{"start":{"line":10,"column":0},"end":{"line":12,"column":2}},"8":{"start":{"line":11,"column":2},"end":{"line":11,"column":25}},"9":{"start":{"line":15,"column":0},"end":{"line":15,"column":21}}},"fnMap":{"0":{"name":"(anonymous_0)","decl":{"start":{"line":10,"column":13},"end":{"line":10,"column":14}},"loc":{"start":{"line":10,"column":33},"end":{"line":12,"column":1}},"line":10}},"branchMap":{},"s":{"0":1,"1":1,"2":1,"3":1,"4":1,"5":1,"6":1,"7":1,"8":1,"9":1},"f":{"0":1},"b":{},"_coverageSchema":"1a1c01bbd47fc00a2c39e90264f33305004495a9","hash":"3dcc495bfa2a0c6baa86e84e4ccebf3373880c47"}
}
