TN:
SF:db.js
FN:2,(anonymous_0)
FN:3,main
FN:38,(anonymous_2)
FNF:3
FNH:1
FNDA:0,(anonymous_0)
FNDA:1,main
FNDA:0,(anonymous_2)
DA:1,1
DA:2,1
DA:4,1
DA:8,1
DA:13,1
DA:24,1
DA:34,1
DA:35,1
DA:36,1
DA:38,1
DA:40,1
LF:11
LH:11
BRF:0
BRH:0
end_of_record
TN:
SF:router.js
FN:5,(anonymous_0)
FN:57,(anonymous_1)
FN:62,(anonymous_2)
FN:70,(anonymous_3)
FN:83,(anonymous_4)
FN:88,(anonymous_5)
FN:117,(anonymous_6)
FN:123,(anonymous_7)
FN:133,(anonymous_8)
FN:142,(anonymous_9)
FN:166,(anonymous_10)
FN:167,(anonymous_11)
FN:170,(anonymous_12)
FN:194,(anonymous_13)
FN:195,(anonymous_14)
FN:199,(anonymous_15)
FN:221,(anonymous_16)
FN:225,(anonymous_17)
FN:226,(anonymous_18)
FN:231,(anonymous_19)
FN:238,(anonymous_20)
FN:243,(anonymous_21)
FN:246,(anonymous_22)
FN:254,(anonymous_23)
FN:271,(anonymous_24)
FN:285,(anonymous_25)
FN:296,(anonymous_26)
FN:303,(anonymous_27)
FNF:28
FNH:20
FNDA:1,(anonymous_0)
FNDA:1,(anonymous_1)
FNDA:2,(anonymous_2)
FNDA:4,(anonymous_3)
FNDA:0,(anonymous_4)
FNDA:1,(anonymous_5)
FNDA:1,(anonymous_6)
FNDA:5,(anonymous_7)
FNDA:0,(anonymous_8)
FNDA:1,(anonymous_9)
FNDA:1,(anonymous_10)
FNDA:0,(anonymous_11)
FNDA:0,(anonymous_12)
FNDA:0,(anonymous_13)
FNDA:0,(anonymous_14)
FNDA:2,(anonymous_15)
FNDA:1,(anonymous_16)
FNDA:1,(anonymous_17)
FNDA:0,(anonymous_18)
FNDA:1,(anonymous_19)
FNDA:1,(anonymous_20)
FNDA:1,(anonymous_21)
FNDA:0,(anonymous_22)
FNDA:2,(anonymous_23)
FNDA:1,(anonymous_24)
FNDA:2,(anonymous_25)
FNDA:2,(anonymous_26)
FNDA:1,(anonymous_27)
DA:1,1
DA:2,1
DA:3,1
DA:5,1
DA:6,1
DA:7,1
DA:8,1
DA:9,1
DA:10,1
DA:58,1
DA:59,1
DA:60,1
DA:61,1
DA:62,1
DA:63,2
DA:64,2
DA:65,2
DA:66,9
DA:68,9
DA:70,2
DA:72,4
DA:74,2
DA:79,2
DA:82,1
DA:83,0
DA:88,1
DA:89,1
DA:90,1
DA:91,1
DA:94,1
DA:119,1
DA:120,1
DA:121,1
DA:122,1
DA:123,1
DA:124,5
DA:126,5
DA:130,1
DA:131,1
DA:132,1
DA:133,0
DA:142,1
DA:143,1
DA:144,1
DA:145,1
DA:166,1
DA:167,0
DA:170,1
DA:171,0
DA:172,0
DA:173,0
DA:194,0
DA:195,0
DA:199,1
DA:200,2
DA:201,2
DA:202,2
DA:203,2
DA:204,2
DA:207,0
DA:221,1
DA:222,1
DA:223,1
DA:224,1
DA:225,1
DA:227,0
DA:231,1
DA:232,1
DA:233,1
DA:234,1
DA:235,1
DA:237,1
DA:239,1
DA:240,1
DA:241,1
DA:244,1
DA:247,0
DA:254,1
DA:255,2
DA:256,2
DA:257,2
DA:258,2
DA:259,2
DA:262,2
DA:263,2
DA:264,2
DA:266,2
DA:267,2
DA:269,2
DA:270,1
DA:272,1
DA:273,0
DA:276,1
DA:277,1
DA:282,1
DA:283,1
DA:284,1
DA:285,1
DA:286,2
DA:287,2
DA:288,2
DA:294,1
DA:295,1
DA:296,1
DA:297,2
DA:302,1
DA:304,1
DA:305,0
DA:308,1
DA:309,1
DA:318,0
DA:319,0
DA:325,1
LF:113
LH:98
BRDA:7,0,0,1
BRDA:7,0,1,0
BRDA:8,1,0,1
BRDA:8,1,1,0
BRDA:68,2,0,2
BRDA:68,2,1,7
BRDA:90,3,0,1
BRDA:90,3,1,1
BRDA:91,4,0,1
BRDA:91,4,1,1
BRDA:122,5,0,1
BRDA:122,5,1,0
BRDA:269,6,0,1
BRDA:269,6,1,1
BRDA:272,7,0,0
BRDA:272,7,1,1
BRDA:304,8,0,0
BRDA:304,8,1,1
BRF:18
BRH:13
end_of_record
TN:
SF:server.js
FN:10,(anonymous_0)
FNF:1
FNH:1
FNDA:1,(anonymous_0)
DA:1,1
DA:2,1
DA:4,1
DA:5,1
DA:6,1
DA:7,1
DA:8,1
DA:10,1
DA:11,1
DA:15,1
LF:10
LH:10
BRF:0
BRH:0
end_of_record
