TN:
SF:db.js
FN:2,(anonymous_0)
FN:3,main
FN:41,(anonymous_2)
FNF:3
FNH:1
FNDA:0,(anonymous_0)
FNDA:1,main
FNDA:0,(anonymous_2)
DA:1,1
DA:2,1
DA:4,1
DA:8,1
DA:13,1
DA:24,1
DA:37,1
DA:38,1
DA:39,1
DA:41,1
DA:43,1
LF:11
LH:11
BRF:0
BRH:0
end_of_record
TN:
SF:router.js
FN:5,(anonymous_0)
FN:57,(anonymous_1)
FN:62,(anonymous_2)
FN:67,(anonymous_3)
FN:79,(anonymous_4)
FN:84,(anonymous_5)
FN:113,(anonymous_6)
FN:119,(anonymous_7)
FN:129,(anonymous_8)
FN:158,(anonymous_9)
FNF:10
FNH:7
FNDA:1,(anonymous_0)
FNDA:1,(anonymous_1)
FNDA:5,(anonymous_2)
FNDA:6,(anonymous_3)
FNDA:0,(anonymous_4)
FNDA:1,(anonymous_5)
FNDA:1,(anonymous_6)
FNDA:5,(anonymous_7)
FNDA:0,(anonymous_8)
FNDA:0,(anonymous_9)
DA:1,1
DA:2,1
DA:3,1
DA:5,1
DA:6,1
DA:7,1
DA:8,1
DA:9,1
DA:10,1
DA:58,1
DA:59,1
DA:60,1
DA:61,1
DA:62,1
DA:63,5
DA:64,5
DA:65,17
DA:66,3
DA:67,3
DA:68,6
DA:70,3
DA:75,5
DA:78,1
DA:79,0
DA:84,1
DA:85,1
DA:86,1
DA:87,1
DA:88,1
DA:90,1
DA:115,1
DA:116,1
DA:117,1
DA:118,1
DA:119,1
DA:120,5
DA:122,5
DA:126,1
DA:127,1
DA:128,1
DA:129,0
DA:158,1
DA:159,0
DA:160,0
DA:163,1
LF:45
LH:41
BRDA:7,0,0,1
BRDA:7,0,1,1
BRDA:8,1,0,1
BRDA:8,1,1,1
BRDA:65,2,0,3
BRDA:65,2,1,14
BRDA:86,3,0,1
BRDA:86,3,1,1
BRDA:87,4,0,1
BRDA:87,4,1,1
BRDA:118,5,0,1
BRDA:118,5,1,0
BRF:12
BRH:11
end_of_record
TN:
SF:server.js
FN:10,(anonymous_0)
FNF:1
FNH:1
FNDA:1,(anonymous_0)
DA:1,1
DA:2,1
DA:4,1
DA:5,1
DA:6,1
DA:7,1
DA:8,1
DA:10,1
DA:11,1
DA:15,1
LF:10
LH:10
BRF:0
BRH:0
end_of_record
